# JRE version: Java(TM) SE Runtime Environment (8.0_181-b13) (build 1.8.0_181-b13)
# Java VM: Java HotSpot(TM) 64-Bit Server VM (25.181-b13 mixed mode windows-amd64 compressed oops)
Heap:
 PSYoungGen      total 213504K, used 108425K [0x000000076b180000, 0x0000000779a80000, 0x00000007c0000000)
  eden space 201728K, 47% used [0x000000076b180000,0x0000000770ff5168,0x0000000777680000)
  from space 11776K, 99% used [0x0000000777c00000,0x000000077876d4b8,0x0000000778780000)
  to   space 18432K, 0% used [0x0000000778880000,0x0000000778880000,0x0000000779a80000)
 ParOldGen       total 169984K, used 24151K [0x00000006c1400000, 0x00000006cba00000, 0x000000076b180000)
  object space 169984K, 14% used [0x00000006c1400000,0x00000006c2b95da0,0x00000006cba00000)
 Metaspace       used 44296K, capacity 44766K, committed 45312K, reserved 1089536K
  class space    used 5453K, capacity 5605K, committed 5632K, reserved 1048576K
GC Heap History (10 events):
Event: 5.055 GC heap before
{Heap before GC invocations=7 (full 1):
 PSYoungGen      total 134656K, used 128316K [0x000000076b180000, 0x0000000775a80000, 0x00000007c0000000)
  eden space 123904K, 100% used [0x000000076b180000,0x0000000772a80000,0x0000000772a80000)
  from space 10752K, 41% used [0x0000000772a80000,0x0000000772ecf208,0x0000000773500000)
  to   space 13824K, 0% used [0x0000000774d00000,0x0000000774d00000,0x0000000775a80000)
 ParOldGen       total 105984K, used 11029K [0x00000006c1400000, 0x00000006c7b80000, 0x000000076b180000)
  object space 105984K, 10% used [0x00000006c1400000,0x00000006c1ec56a8,0x00000006c7b80000)
 Metaspace       used 27963K, capacity 28322K, committed 28672K, reserved 1075200K
  class space    used 3473K, capacity 3576K, committed 3584K, reserved 1048576K
Event: 5.060 GC heap after
Heap after GC invocations=7 (full 1):
 PSYoungGen      total 159232K, used 8342K [0x000000076b180000, 0x0000000777f00000, 0x00000007c0000000)
  eden space 145408K, 0% used [0x000000076b180000,0x000000076b180000,0x0000000773f80000)
  from space 13824K, 60% used [0x0000000774d00000,0x0000000775525b30,0x0000000775a80000)
  to   space 13824K, 0% used [0x0000000773f80000,0x0000000773f80000,0x0000000774d00000)
 ParOldGen       total 105984K, used 11037K [0x00000006c1400000, 0x00000006c7b80000, 0x000000076b180000)
  object space 105984K, 10% used [0x00000006c1400000,0x00000006c1ec76a8,0x00000006c7b80000)
 Metaspace       used 27963K, capacity 28322K, committed 28672K, reserved 1075200K
  class space    used 3473K, capacity 3576K, committed 3584K, reserved 1048576K
}
Event: 6.681 GC heap before
{Heap before GC invocations=8 (full 1):
 PSYoungGen      total 159232K, used 153750K [0x000000076b180000, 0x0000000777f00000, 0x00000007c0000000)
  eden space 145408K, 100% used [0x000000076b180000,0x0000000773f80000,0x0000000773f80000)
  from space 13824K, 60% used [0x0000000774d00000,0x0000000775525b30,0x0000000775a80000)
  to   space 13824K, 0% used [0x0000000773f80000,0x0000000773f80000,0x0000000774d00000)
 ParOldGen       total 105984K, used 11037K [0x00000006c1400000, 0x00000006c7b80000, 0x000000076b180000)
  object space 105984K, 10% used [0x00000006c1400000,0x00000006c1ec76a8,0x00000006c7b80000)
 Metaspace       used 31630K, capacity 32010K, committed 32512K, reserved 1077248K
  class space    used 3905K, capacity 4004K, committed 4096K, reserved 1048576K
Event: 6.687 GC heap after
Heap after GC invocations=8 (full 1):
 PSYoungGen      total 159232K, used 13413K [0x000000076b180000, 0x0000000779d80000, 0x00000007c0000000)
  eden space 145408K, 0% used [0x000000076b180000,0x000000076b180000,0x0000000773f80000)
  from space 13824K, 97% used [0x0000000773f80000,0x0000000774c99630,0x0000000774d00000)
  to   space 15872K, 0% used [0x0000000778e00000,0x0000000778e00000,0x0000000779d80000)
 ParOldGen       total 105984K, used 11045K [0x00000006c1400000, 0x00000006c7b80000, 0x000000076b180000)
  object space 105984K, 10% used [0x00000006c1400000,0x00000006c1ec96a8,0x00000006c7b80000)
 Metaspace       used 31630K, capacity 32010K, committed 32512K, reserved 1077248K
  class space    used 3905K, capacity 4004K, committed 4096K, reserved 1048576K
}
Event: 7.184 GC heap before
{Heap before GC invocations=9 (full 1):
 PSYoungGen      total 159232K, used 151013K [0x000000076b180000, 0x0000000779d80000, 0x00000007c0000000)
  eden space 145408K, 94% used [0x000000076b180000,0x00000007737dfef0,0x0000000773f80000)
  from space 13824K, 97% used [0x0000000773f80000,0x0000000774c99630,0x0000000774d00000)
  to   space 15872K, 0% used [0x0000000778e00000,0x0000000778e00000,0x0000000779d80000)
 ParOldGen       total 105984K, used 11045K [0x00000006c1400000, 0x00000006c7b80000, 0x000000076b180000)
  object space 105984K, 10% used [0x00000006c1400000,0x00000006c1ec96a8,0x00000006c7b80000)
 Metaspace       used 34823K, capacity 35162K, committed 35456K, reserved 1081344K
  class space    used 4340K, capacity 4428K, committed 4480K, reserved 1048576K
Event: 7.191 GC heap after
Heap after GC invocations=9 (full 1):
 PSYoungGen      total 223232K, used 15866K [0x000000076b180000, 0x000000077aa00000, 0x00000007c0000000)
  eden space 207360K, 0% used [0x000000076b180000,0x000000076b180000,0x0000000777c00000)
  from space 15872K, 99% used [0x0000000778e00000,0x0000000779d7e8f8,0x0000000779d80000)
  to   space 18432K, 0% used [0x0000000777c00000,0x0000000777c00000,0x0000000778e00000)
 ParOldGen       total 105984K, used 11651K [0x00000006c1400000, 0x00000006c7b80000, 0x000000076b180000)
  object space 105984K, 10% used [0x00000006c1400000,0x00000006c1f60d50,0x00000006c7b80000)
 Metaspace       used 34823K, capacity 35162K, committed 35456K, reserved 1081344K
  class space    used 4340K, capacity 4428K, committed 4480K, reserved 1048576K
}
Event: 7.191 GC heap before
{Heap before GC invocations=10 (full 2):
 PSYoungGen      total 223232K, used 15866K [0x000000076b180000, 0x000000077aa00000, 0x00000007c0000000)
  eden space 207360K, 0% used [0x000000076b180000,0x000000076b180000,0x0000000777c00000)
  from space 15872K, 99% used [0x0000000778e00000,0x0000000779d7e8f8,0x0000000779d80000)
  to   space 18432K, 0% used [0x0000000777c00000,0x0000000777c00000,0x0000000778e00000)
 ParOldGen       total 105984K, used 11651K [0x00000006c1400000, 0x00000006c7b80000, 0x000000076b180000)
  object space 105984K, 10% used [0x00000006c1400000,0x00000006c1f60d50,0x00000006c7b80000)
 Metaspace       used 34823K, capacity 35162K, committed 35456K, reserved 1081344K
  class space    used 4340K, capacity 4428K, committed 4480K, reserved 1048576K
Event: 7.250 GC heap after
Heap after GC invocations=10 (full 2):
 PSYoungGen      total 223232K, used 0K [0x000000076b180000, 0x000000077aa00000, 0x00000007c0000000)
  eden space 207360K, 0% used [0x000000076b180000,0x000000076b180000,0x0000000777c00000)
  from space 15872K, 0% used [0x0000000778e00000,0x0000000778e00000,0x0000000779d80000)
  to   space 18432K, 0% used [0x0000000777c00000,0x0000000777c00000,0x0000000778e00000)
 ParOldGen       total 169984K, used 24135K [0x00000006c1400000, 0x00000006cba00000, 0x000000076b180000)
  object space 169984K, 14% used [0x00000006c1400000,0x00000006c2b91da0,0x00000006cba00000)
 Metaspace       used 34823K, capacity 35162K, committed 35456K, reserved 1081344K
  class space    used 4340K, capacity 4428K, committed 4480K, reserved 1048576K
}
Event: 59555.294 GC heap before
{Heap before GC invocations=11 (full 2):
 PSYoungGen      total 223232K, used 207360K [0x000000076b180000, 0x000000077aa00000, 0x00000007c0000000)
  eden space 207360K, 100% used [0x000000076b180000,0x0000000777c00000,0x0000000777c00000)
  from space 15872K, 0% used [0x0000000778e00000,0x0000000778e00000,0x0000000779d80000)
  to   space 18432K, 0% used [0x0000000777c00000,0x0000000777c00000,0x0000000778e00000)
 ParOldGen       total 169984K, used 24135K [0x00000006c1400000, 0x00000006cba00000, 0x000000076b180000)
  object space 169984K, 14% used [0x00000006c1400000,0x00000006c2b91da0,0x00000006cba00000)
 Metaspace       used 44232K, capacity 44670K, committed 45312K, reserved 1089536K
  class space    used 5451K, capacity 5573K, committed 5632K, reserved 1048576K
Event: 59555.307 GC heap after
Heap after GC invocations=11 (full 2):
 PSYoungGen      total 213504K, used 11701K [0x000000076b180000, 0x0000000779a80000, 0x00000007c0000000)
  eden space 201728K, 0% used [0x000000076b180000,0x000000076b180000,0x0000000777680000)
  from space 11776K, 99% used [0x0000000777c00000,0x000000077876d4b8,0x0000000778780000)
  to   space 18432K, 0% used [0x0000000778880000,0x0000000778880000,0x0000000779a80000)
 ParOldGen       total 169984K, used 24151K [0x00000006c1400000, 0x00000006cba00000, 0x000000076b180000)
  object space 169984K, 14% used [0x00000006c1400000,0x00000006c2b95da0,0x00000006cba00000)
 Metaspace       used 44232K, capacity 44670K, committed 45312K, reserved 1089536K
  class space    used 5451K, capacity 5573K, committed 5632K, reserved 1048576K
}

